<?xml version="1.0" encoding="UTF-8"?>
<!-- Generated by org.testng.reporters.JUnitXMLReporter -->
<testsuite ignored="0" hostname="DESKTOP-BEA2E83" failures="0" tests="5" name="Test" time="41.133" errors="0" timestamp="2023-05-12T11:46:30 EDT">
  <testcase classname="testCases.TC_002_Logintest" name="test_logintest" time="1.714"/>
  <testcase classname="testCases.TC_003_LoginDataDriventest" name="test_logintest" time="2.187"/>
  <testcase classname="testCases.TC_003_LoginDataDriventest" name="test_logintest" time="11.063"/>
  <testcase classname="testCases.TC_003_LoginDataDriventest" name="test_logintest" time="11.036"/>
  <testcase classname="testCases.TC_003_LoginDataDriventest" name="test_logintest" time="2.525"/>
</testsuite> <!-- Test -->
