<?xml version="1.0" encoding="UTF-8"?>
<testng-results ignored="0" total="5" passed="5" failed="0" skipped="0">
  <reporter-output>
  </reporter-output>
  <suite started-at="2023-05-12T10:24:28 EDT" name="OpencartSuite" finished-at="2023-05-12T10:25:11 EDT" duration-ms="43087">
    <groups>
    </groups>
    <test started-at="2023-05-12T10:24:28 EDT" name="Test" finished-at="2023-05-12T10:25:11 EDT" duration-ms="43087">
      <class name="testCases.TC_002_Logintest">
        <test-method is-config="true" signature="setup(java.lang.String)[pri:0, instance:testCases.TC_002_Logintest@242b836]" started-at="2023-05-12T10:24:28 EDT" name="setup" finished-at="2023-05-12T10:24:35 EDT" duration-ms="7162" status="PASS">
          <params>
            <param index="0">
              <value>
                <![CDATA[chrome]]>
              </value>
            </param>
          </params>
          <reporter-output>
          </reporter-output>
        </test-method> <!-- setup -->
        <test-method signature="test_logintest()[pri:0, instance:testCases.TC_002_Logintest@242b836]" started-at="2023-05-12T10:24:35 EDT" name="test_logintest" finished-at="2023-05-12T10:24:37 EDT" duration-ms="1612" status="PASS">
          <reporter-output>
          </reporter-output>
        </test-method> <!-- test_logintest -->
        <test-method is-config="true" signature="tearDown()[pri:0, instance:testCases.TC_002_Logintest@242b836]" started-at="2023-05-12T10:24:37 EDT" name="tearDown" finished-at="2023-05-12T10:24:38 EDT" duration-ms="713" status="PASS">
          <reporter-output>
          </reporter-output>
        </test-method> <!-- tearDown -->
      </class> <!-- testCases.TC_002_Logintest -->
      <class name="testCases.TC_003_LoginDataDriventest">
        <test-method is-config="true" signature="setup(java.lang.String)[pri:0, instance:testCases.TC_003_LoginDataDriventest@60bd273d]" started-at="2023-05-12T10:24:38 EDT" name="setup" finished-at="2023-05-12T10:24:42 EDT" duration-ms="3930" status="PASS">
          <params>
            <param index="0">
              <value>
                <![CDATA[chrome]]>
              </value>
            </param>
          </params>
          <reporter-output>
          </reporter-output>
        </test-method> <!-- setup -->
        <test-method signature="test_logintest(java.lang.String,java.lang.String,java.lang.String)[pri:0, instance:testCases.TC_003_LoginDataDriventest@60bd273d]" started-at="2023-05-12T10:24:43 EDT" name="test_logintest" data-provider="LoginData" finished-at="2023-05-12T10:24:45 EDT" duration-ms="2234" status="PASS">
          <params>
            <param index="0">
              <value>
                <![CDATA[ychalla55@gmail.com]]>
              </value>
            </param>
            <param index="1">
              <value>
                <![CDATA[Yash#0503]]>
              </value>
            </param>
            <param index="2">
              <value>
                <![CDATA[valid]]>
              </value>
            </param>
          </params>
          <reporter-output>
          </reporter-output>
        </test-method> <!-- test_logintest -->
        <test-method signature="test_logintest(java.lang.String,java.lang.String,java.lang.String)[pri:0, instance:testCases.TC_003_LoginDataDriventest@60bd273d]" started-at="2023-05-12T10:24:45 EDT" name="test_logintest" data-provider="LoginData" finished-at="2023-05-12T10:24:56 EDT" duration-ms="11077" status="PASS">
          <params>
            <param index="0">
              <value>
                <![CDATA[soya232@gmail.com]]>
              </value>
            </param>
            <param index="1">
              <value>
                <![CDATA[test]]>
              </value>
            </param>
            <param index="2">
              <value>
                <![CDATA[Invalid]]>
              </value>
            </param>
          </params>
          <reporter-output>
          </reporter-output>
        </test-method> <!-- test_logintest -->
        <test-method signature="test_logintest(java.lang.String,java.lang.String,java.lang.String)[pri:0, instance:testCases.TC_003_LoginDataDriventest@60bd273d]" started-at="2023-05-12T10:24:56 EDT" name="test_logintest" data-provider="LoginData" finished-at="2023-05-12T10:25:07 EDT" duration-ms="11105" status="PASS">
          <params>
            <param index="0">
              <value>
                <![CDATA[soya23@gmail.com]]>
              </value>
            </param>
            <param index="1">
              <value>
                <![CDATA[test1]]>
              </value>
            </param>
            <param index="2">
              <value>
                <![CDATA[Invalid]]>
              </value>
            </param>
          </params>
          <reporter-output>
          </reporter-output>
        </test-method> <!-- test_logintest -->
        <test-method signature="test_logintest(java.lang.String,java.lang.String,java.lang.String)[pri:0, instance:testCases.TC_003_LoginDataDriventest@60bd273d]" started-at="2023-05-12T10:25:07 EDT" name="test_logintest" data-provider="LoginData" finished-at="2023-05-12T10:25:10 EDT" duration-ms="2531" status="PASS">
          <params>
            <param index="0">
              <value>
                <![CDATA[soya2773@gmail.com]]>
              </value>
            </param>
            <param index="1">
              <value>
                <![CDATA[Yash123]]>
              </value>
            </param>
            <param index="2">
              <value>
                <![CDATA[valid]]>
              </value>
            </param>
          </params>
          <reporter-output>
          </reporter-output>
        </test-method> <!-- test_logintest -->
        <test-method is-config="true" signature="tearDown()[pri:0, instance:testCases.TC_003_LoginDataDriventest@60bd273d]" started-at="2023-05-12T10:25:10 EDT" name="tearDown" finished-at="2023-05-12T10:25:11 EDT" duration-ms="703" status="PASS">
          <reporter-output>
          </reporter-output>
        </test-method> <!-- tearDown -->
      </class> <!-- testCases.TC_003_LoginDataDriventest -->
    </test> <!-- Test -->
  </suite> <!-- OpencartSuite -->
</testng-results>
