<?xml version="1.0" encoding="UTF-8"?>
<!-- Generated by org.testng.reporters.JUnitXMLReporter -->
<testsuite ignored="0" hostname="DESKTOP-BEA2E83" failures="0" tests="5" name="Test" time="43.087" errors="0" timestamp="2023-05-12T10:25:11 EDT">
  <testcase classname="testCases.TC_002_Logintest" name="test_logintest" time="1.612"/>
  <testcase classname="testCases.TC_003_LoginDataDriventest" name="test_logintest" time="2.234"/>
  <testcase classname="testCases.TC_003_LoginDataDriventest" name="test_logintest" time="11.077"/>
  <testcase classname="testCases.TC_003_LoginDataDriventest" name="test_logintest" time="11.105"/>
  <testcase classname="testCases.TC_003_LoginDataDriventest" name="test_logintest" time="2.531"/>
</testsuite> <!-- Test -->
